<?xml version="1.0" encoding="UTF-8"?>
<testsuite name="com.ldh.web.reviewboard.ReviewBoardBackendApplicationTests" tests="1" skipped="0" failures="0" errors="0" timestamp="2024-01-03T08:43:25" hostname="DESKTOP-3IR0B5A" time="0.505">
  <properties/>
  <testcase name="testByApplicationContext()" classname="com.ldh.web.reviewboard.ReviewBoardBackendApplicationTests" time="0.505"/>
  <system-out><![CDATA[17:43:22.767 [Test worker] INFO org.springframework.test.context.support.AnnotationConfigContextLoaderUtils -- Could not detect default configuration classes for test class [com.ldh.web.reviewboard.ReviewBoardBackendApplicationTests]: ReviewBoardBackendApplicationTests does not declare any static, non-private, non-final, nested classes annotated with @Configuration.
17:43:22.853 [Test worker] INFO org.springframework.boot.test.context.SpringBootTestContextBootstrapper -- Found @SpringBootConfiguration com.ldh.web.reviewboard.ReviewBoardBackendApplication for test class com.ldh.web.reviewboard.ReviewBoardBackendApplicationTests
17:43:22.987 [Test worker] INFO org.springframework.boot.devtools.restart.RestartApplicationListener -- Restart disabled due to context in which it is running

  .   ____          _            __ _ _
 /\\ / ___'_ __ _ _(_)_ __  __ _ \ \ \ \
( ( )\___ | '_ | '_| | '_ \/ _` | \ \ \ \
 \\/  ___)| |_)| | | | | || (_| |  ) ) ) )
  '  |____| .__|_| |_|_| |_\__, | / / / /
 =========|_|==============|___/=/_/_/_/
 :: Spring Boot ::                (v3.2.0)

2024-01-03T17:43:23.175+09:00  INFO 9144 --- [    Test worker] l.w.r.ReviewBoardBackendApplicationTests : Starting ReviewBoardBackendApplicationTests using Java 17.0.9 with PID 9144 (started by HOME in C:\eclipseWorkspace\Git_ProjectRepository\ReviewBoardProject\backend_reviewboard)
2024-01-03T17:43:23.176+09:00  INFO 9144 --- [    Test worker] l.w.r.ReviewBoardBackendApplicationTests : No active profile set, falling back to 1 default profile: "default"
2024-01-03T17:43:23.669+09:00  INFO 9144 --- [    Test worker] .s.d.r.c.RepositoryConfigurationDelegate : Bootstrapping Spring Data JPA repositories in DEFAULT mode.
2024-01-03T17:43:23.714+09:00  INFO 9144 --- [    Test worker] .s.d.r.c.RepositoryConfigurationDelegate : Finished Spring Data repository scanning in 37 ms. Found 1 JPA repository interface.
2024-01-03T17:43:23.787+09:00  WARN 9144 --- [    Test worker] o.m.s.mapper.ClassPathMapperScanner      : No MyBatis mapper was found in '[com.ldh.web.reviewboard]' package. Please check your configuration.
2024-01-03T17:43:23.988+09:00  INFO 9144 --- [    Test worker] com.zaxxer.hikari.HikariDataSource       : HikariPool-1 - Starting...
2024-01-03T17:43:24.077+09:00  INFO 9144 --- [    Test worker] com.zaxxer.hikari.pool.HikariPool        : HikariPool-1 - Added connection org.mariadb.jdbc.Connection@3fde2209
2024-01-03T17:43:24.079+09:00  INFO 9144 --- [    Test worker] com.zaxxer.hikari.HikariDataSource       : HikariPool-1 - Start completed.
2024-01-03T17:43:24.178+09:00  INFO 9144 --- [    Test worker] o.hibernate.jpa.internal.util.LogHelper  : HHH000204: Processing PersistenceUnitInfo [name: default]
2024-01-03T17:43:24.243+09:00  INFO 9144 --- [    Test worker] org.hibernate.Version                    : HHH000412: Hibernate ORM core version 6.3.1.Final
2024-01-03T17:43:24.278+09:00  INFO 9144 --- [    Test worker] o.h.c.internal.RegionFactoryInitiator    : HHH000026: Second-level cache disabled
2024-01-03T17:43:24.496+09:00  INFO 9144 --- [    Test worker] o.s.o.j.p.SpringPersistenceUnitInfo      : No LoadTimeWeaver setup: ignoring JPA class transformer
2024-01-03T17:43:25.184+09:00  INFO 9144 --- [    Test worker] o.h.e.t.j.p.i.JtaPlatformInitiator       : HHH000489: No JTA platform available (set 'hibernate.transaction.jta.platform' to enable JTA platform integration)
2024-01-03T17:43:25.186+09:00  INFO 9144 --- [    Test worker] j.LocalContainerEntityManagerFactoryBean : Initialized JPA EntityManagerFactory for persistence unit 'default'
2024-01-03T17:43:25.357+09:00  WARN 9144 --- [    Test worker] JpaBaseConfiguration$JpaWebConfiguration : spring.jpa.open-in-view is enabled by default. Therefore, database queries may be performed during view rendering. Explicitly configure spring.jpa.open-in-view to disable this warning
2024-01-03T17:43:25.860+09:00  INFO 9144 --- [    Test worker] l.w.r.ReviewBoardBackendApplicationTests : Started ReviewBoardBackendApplicationTests in 2.875 seconds (process running for 3.878)
=========================
org.apache.ibatis.session.defaults.DefaultSqlSessionFactory@66e62fc4
=========================
]]></system-out>
  <system-err><![CDATA[]]></system-err>
</testsuite>
